[21-Jan-2025 04:17:06 Europe/Berlin] Fetching data for user: -OGQT90VCRdeyg1tprb0, date: 2025-01-16
[21-Jan-2025 04:17:07 Europe/Berlin] Average heartbeat calculated: 114
[21-Jan-2025 04:17:07 Europe/Berlin] PHP Warning:  Cannot modify header information - headers already sent by (output started at C:\xampp\htdocs\Sleep-Monitor\sleep.php:33) in C:\xampp\htdocs\Sleep-Monitor\sleep.php on line 68
[21-Jan-2025 04:17:07 Europe/Berlin] {"date":"2025-01-16","average_heartbeat":114}
[21-Jan-2025 04:21:23 Europe/Berlin] Python script output: Fetching data from the current folder and uploading to Firebase for user -OGQT90VCRdeyg1tprb0
Reading data from fake_heartbeat_data.h5...
Uploaded heart rate 129.0 to day for date 2025-01-21.
Uploaded heart rate 137.0 to day for date 2025-01-21.
Uploaded heart rate 88.0 to night for date 2025-01-21.
Uploaded heart rate 108.0 to day for date 2025-01-21.
Uploaded heart rate 86.0 to night for date 2025-01-21.
Uploaded heart rate 113.0 to night for date 2025-01-20.
Uploaded heart rate 51.0 to day for date 2025-01-20.
Uploaded heart rate 39.0 to day for date 2025-01-20.
Uploaded heart rate 56.0 to day for date 2025-01-20.
Uploaded heart rate 25.0 to night for date 2025-01-20.
Uploaded heart rate 92.0 to day for date 2025-01-19.
Uploaded heart rate 33.0 to day for date 2025-01-19.
Uploaded heart rate 42.0 to day for date 2025-01-19.
Uploaded heart rate 124.0 to night for date 2025-01-19.
Uploaded heart rate 123.0 to night for date 2025-01-19.
Uploaded heart rate 128.0 to night for date 2025-01-18.
Uploaded heart rate 100.0 to night for date 2025-01-18.
Uploaded heart rate 61.0 to night for date 2025-01-18.
Uploaded heart rate 140.0 to day for date 2025-01-18.
Uploaded heart rate 70.0 to day for date 2025-01-18.
Uploaded heart rate 74.0 to day for date 2025-01-17.
Uploaded heart rate 54.0 to day for date 2025-01-17.
Uploaded heart rate 54.0 to night for date 2025-01-17.
Uploaded heart rate 123.0 to night for date 2025-01-17.
Uploaded heart rate 51.0 to night for date 2025-01-17.
Uploaded heart rate 136.0 to day for date 2025-01-16.
Uploaded heart rate 97.0 to night for date 2025-01-16.
Uploaded heart rate 28.0 to day for date 2025-01-16.
Uploaded heart rate 129.0 to night for date 2025-01-16.
Uploaded heart rate 116.0 to night for date 2025-01-16.
Uploaded heart rate 35.0 to day for date 2025-01-15.
Uploaded heart rate 124.0 to night for date 2025-01-15.
Uploaded heart rate 74.0 to night for date 2025-01-15.
Uploaded heart rate 130.0 to night for date 2025-01-15.
Uploaded heart rate 31.0 to day for date 2025-01-15.
Uploaded heart rate 87.0 to night for date 2025-01-14.
Uploaded heart rate 87.0 to day for date 2025-01-14.
Uploaded heart rate 126.0 to day for date 2025-01-14.
Uploaded heart rate 75.0 to night for date 2025-01-14.
Uploaded heart rate 45.0 to day for date 2025-01-14.
Uploaded heart rate 87.0 to night for date 2025-01-13.
Uploaded heart rate 118.0 to night for date 2025-01-13.
Uploaded heart rate 30.0 to day for date 2025-01-13.
Uploaded heart rate 103.0 to night for date 2025-01-13.
Uploaded heart rate 81.0 to day for date 2025-01-13.
Uploaded heart rate 56.0 to night for date 2025-01-12.
Uploaded heart rate 31.0 to day for date 2025-01-12.
Uploaded heart rate 120.0 to night for date 2025-01-12.
Uploaded heart rate 27.0 to day for date 2025-01-12.
Uploaded heart rate 65.0 to day for date 2025-01-12.
Uploaded heart rate 122.0 to night for date 2025-01-11.
Uploaded heart rate 58.0 to day for date 2025-01-11.
Uploaded heart rate 76.0 to day for date 2025-01-11.
Uploaded heart rate 103.0 to day for date 2025-01-11.
Uploaded heart rate 50.0 to day for date 2025-01-11.
Uploaded heart rate 53.0 to day for date 2025-01-10.
Uploaded heart rate 62.0 to day for date 2025-01-10.
Uploaded heart rate 77.0 to night for date 2025-01-10.
Uploaded heart rate 56.0 to day for date 2025-01-10.
Uploaded heart rate 80.0 to day for date 2025-01-10.
Uploaded heart rate 46.0 to day for date 2025-01-09.
Uploaded heart rate 75.0 to night for date 2025-01-09.
Uploaded heart rate 101.0 to night for date 2025-01-09.
Uploaded heart rate 97.0 to night for date 2025-01-09.
Uploaded heart rate 35.0 to day for date 2025-01-09.
Uploaded heart rate 86.0 to night for date 2025-01-08.
Uploaded heart rate 65.0 to day for date 2025-01-08.
Uploaded heart rate 109.0 to day for date 2025-01-08.
Uploaded heart rate 105.0 to night for date 2025-01-08.
Uploaded heart rate 65.0 to day for date 2025-01-08.
Uploaded heart rate 79.0 to night for date 2025-01-07.
Uploaded heart rate 107.0 to day for date 2025-01-07.
Uploaded heart rate 69.0 to night for date 2025-01-07.
Uploaded heart rate 124.0 to night for date 2025-01-07.
Uploaded heart rate 64.0 to day for date 2025-01-07.
Uploaded heart rate 99.0 to night for date 2025-01-06.
Uploaded heart rate 118.0 to night for date 2025-01-06.
Uploaded heart rate 80.0 to night for date 2025-01-06.
Uploaded heart rate 60.0 to day for date 2025-01-06.
Uploaded heart rate 76.0 to day for date 2025-01-06.
Uploaded heart rate 92.0 to day for date 2025-01-05.
Uploaded heart rate 115.0 to night for date 2025-01-05.
Uploaded heart rate 139.0 to day for date 2025-01-05.
Uploaded heart rate 131.0 to day for date 2025-01-05.
Uploaded heart rate 48.0 to day for date 2025-01-05.
Uploaded heart rate 72.0 to night for date 2025-01-04.
Uploaded heart rate 127.0 to day for date 2025-01-04.
Uploaded heart rate 111.0 to day for date 2025-01-04.
Uploaded heart rate 101.0 to day for date 2025-01-04.
Uploaded heart rate 57.0 to day for date 2025-01-04.
Uploaded heart rate 30.0 to night for date 2025-01-03.
Uploaded heart rate 69.0 to day for date 2025-01-03.
Uploaded heart rate 26.0 to night for date 2025-01-03.
Uploaded heart rate 32.0 to day for date 2025-01-03.
Uploaded heart rate 104.0 to day for date 2025-01-03.
Uploaded heart rate 97.0 to day for date 2025-01-02.
Uploaded heart rate 64.0 to day for date 2025-01-02.
Uploaded heart rate 107.0 to day for date 2025-01-02.
Uploaded heart rate 97.0 to night for date 2025-01-02.
Uploaded heart rate 78.0 to day for date 2025-01-02.
Uploaded heart rate 61.0 to night for date 2025-01-01.
Uploaded heart rate 116.0 to night for date 2025-01-01.
Uploaded heart rate 58.0 to day for date 2025-01-01.
Uploaded heart rate 68.0 to night for date 2025-01-01.
Uploaded heart rate 67.0 to day for date 2025-01-01.
Uploaded heart rate 48.0 to night for date 2024-12-31.
Uploaded heart rate 140.0 to day for date 2024-12-31.
Uploaded heart rate 102.0 to night for date 2024-12-31.
Uploaded heart rate 95.0 to day for date 2024-12-31.
Uploaded heart rate 55.0 to night for date 2024-12-31.
Uploaded heart rate 38.0 to day for date 2024-12-30.
Uploaded heart rate 94.0 to day for date 2024-12-30.
Uploaded heart rate 104.0 to day for date 2024-12-30.
Uploaded heart rate 44.0 to day for date 2024-12-30.
Uploaded heart rate 138.0 to day for date 2024-12-30.
Uploaded heart rate 106.0 to night for date 2024-12-29.
Uploaded heart rate 51.0 to night for date 2024-12-29.
Uploaded heart rate 41.0 to night for date 2024-12-29.
Uploaded heart rate 78.0 to day for date 2024-12-29.
Uploaded heart rate 27.0 to night for date 2024-12-29.
Uploaded heart rate 79.0 to day for date 2024-12-28.
Uploaded heart rate 132.0 to night for date 2024-12-28.
Uploaded heart rate 63.0 to night for date 2024-12-28.
Uploaded heart rate 88.0 to night for date 2024-12-28.
Uploaded heart rate 94.0 to night for date 2024-12-28.
Uploaded heart rate 66.0 to night for date 2024-12-27.
Uploaded heart rate 120.0 to night for date 2024-12-27.
Uploaded heart rate 108.0 to day for date 2024-12-27.
Uploaded heart rate 107.0 to night for date 2024-12-27.
Uploaded heart rate 30.0 to day for date 2024-12-27.
Uploaded heart rate 68.0 to night for date 2024-12-26.
Uploaded heart rate 130.0 to night for date 2024-12-26.
Uploaded heart rate 51.0 to day for date 2024-12-26.
Uploaded heart rate 116.0 to day for date 2024-12-26.
Uploaded heart rate 102.0 to night for date 2024-12-26.
Uploaded heart rate 104.0 to day for date 2024-12-25.
Uploaded heart rate 51.0 to night for date 2024-12-25.
Uploaded heart rate 63.0 to night for date 2024-12-25.
Uploaded heart rate 116.0 to day for date 2024-12-25.
Uploaded heart rate 122.0 to night for date 2024-12-25.
Uploaded heart rate 126.0 to night for date 2024-12-24.
Uploaded heart rate 127.0 to day for date 2024-12-24.
Uploaded heart rate 123.0 to day for date 2024-12-24.
Uploaded heart rate 41.0 to day for date 2024-12-24.
Uploaded heart rate 116.0 to night for date 2024-12-24.
Uploaded heart rate 54.0 to day for date 2024-12-23.
Uploaded heart rate 128.0 to day for date 2024-12-23.
Uploaded heart rate 47.0 to day for date 2024-12-23.
Uploaded heart rate 90.0 to night for date 2024-12-23.
Uploaded heart rate 35.0 to night for date 2024-12-23.
Uploaded heart rate 27.0 to day for date 2024-12-22.
Uploaded heart rate 122.0 to day for date 2024-12-22.
Uploaded heart rate 124.0 to night for date 2024-12-22.
Uploaded heart rate 34.0 to day for date 2024-12-22.
Uploaded heart rate 26.0 to day for date 2024-12-22.
Uploaded heart rate 116.0 to day for date 2024-12-21.
Uploaded heart rate 96.0 to night for date 2024-12-21.
Uploaded heart rate 78.0 to day for date 2024-12-21.
Uploaded heart rate 94.0 to day for date 2024-12-21.
Uploaded heart rate 98.0 to day for date 2024-12-21.
Uploaded heart rate 38.0 to day for date 2024-12-20.
Uploaded heart rate 62.0 to night for date 2024-12-20.
Uploaded heart rate 64.0 to night for date 2024-12-20.
Uploaded heart rate 85.0 to night for date 2024-12-20.
Uploaded heart rate 137.0 to day for date 2024-12-20.
Uploaded heart rate 77.0 to day for date 2024-12-19.
Uploaded heart rate 106.0 to day for date 2024-12-19.
Uploaded heart rate 66.0 to night for date 2024-12-19.
Uploaded heart rate 133.0 to day for date 2024-12-19.
Uploaded heart rate 105.0 to night for date 2024-12-19.
Uploaded heart rate 81.0 to day for date 2024-12-18.
Uploaded heart rate 128.0 to day for date 2024-12-18.
Uploaded heart rate 131.0 to day for date 2024-12-18.
Uploaded heart rate 74.0 to day for date 2024-12-18.
Uploaded heart rate 129.0 to day for date 2024-12-18.
Uploaded heart rate 75.0 to day for date 2024-12-17.
Uploaded heart rate 33.0 to night for date 2024-12-17.
Uploaded heart rate 68.0 to night for date 2024-12-17.
Uploaded heart rate 137.0 to day for date 2024-12-17.
Uploaded heart rate 51.0 to day for date 2024-12-17.
Uploaded heart rate 103.0 to night for date 2024-12-16.
Uploaded heart rate 65.0 to day for date 2024-12-16.
Uploaded heart rate 78.0 to day for date 2024-12-16.
Uploaded heart rate 108.0 to night for date 2024-12-16.
Uploaded heart rate 80.0 to day for date 2024-12-16.
Uploaded heart rate 96.0 to night for date 2024-12-15.
Uploaded heart rate 41.0 to day for date 2024-12-15.
Uploaded heart rate 137.0 to day for date 2024-12-15.
Uploaded heart rate 85.0 to night for date 2024-12-15.
Uploaded heart rate 91.0 to night for date 2024-12-15.
Uploaded heart rate 35.0 to night for date 2024-12-14.
Uploaded heart rate 105.0 to night for date 2024-12-14.
Uploaded heart rate 45.0 to day for date 2024-12-14.
Uploaded heart rate 134.0 to day for date 2024-12-14.
Uploaded heart rate 80.0 to night for date 2024-12-14.
Uploaded heart rate 140.0 to day for date 2024-12-13.
Uploaded heart rate 125.0 to night for date 2024-12-13.
Uploaded heart rate 110.0 to night for date 2024-12-13.
Uploaded heart rate 30.0 to night for date 2024-12-13.
Uploaded heart rate 50.0 to night for date 2024-12-13.
Uploaded heart rate 57.0 to night for date 2024-12-12.
Uploaded heart rate 106.0 to day for date 2024-12-12.
Uploaded heart rate 58.0 to night for date 2024-12-12.
Uploaded heart rate 35.0 to day for date 2024-12-12.
Uploaded heart rate 58.0 to day for date 2024-12-12.
Uploaded heart rate 74.0 to day for date 2024-12-11.
Uploaded heart rate 38.0 to day for date 2024-12-11.
Uploaded heart rate 131.0 to day for date 2024-12-11.
Uploaded heart rate 109.0 to day for date 2024-12-11.
Uploaded heart rate 128.0 to day for date 2024-12-11.
Uploaded heart rate 96.0 to night for date 2024-12-10.
Uploaded heart rate 89.0 to night for date 2024-12-10.
Uploaded heart rate 125.0 to night for date 2024-12-10.
Uploaded heart rate 26.0 to day for date 2024-12-10.
Uploaded heart rate 107.0 to day for date 2024-12-10.
Uploaded heart rate 126.0 to night for date 2024-12-09.
Uploaded heart rate 97.0 to night for date 2024-12-09.
Uploaded heart rate 32.0 to day for date 2024-12-09.
Uploaded heart rate 106.0 to night for date 2024-12-09.
Uploaded heart rate 31.0 to night for date 2024-12-09.
Uploaded heart rate 80.0 to night for date 2024-12-08.
Uploaded heart rate 60.0 to day for date 2024-12-08.
Uploaded heart rate 59.0 to night for date 2024-12-08.
Uploaded heart rate 104.0 to night for date 2024-12-08.
Uploaded heart rate 129.0 to night for date 2024-12-08.
Uploaded heart rate 45.0 to night for date 2024-12-07.
Uploaded heart rate 55.0 to day for date 2024-12-07.
Uploaded heart rate 62.0 to day for date 2024-12-07.
Uploaded heart rate 47.0 to night for date 2024-12-07.
Uploaded heart rate 94.0 to night for date 2024-12-07.
Uploaded heart rate 81.0 to day for date 2024-12-06.
Uploaded heart rate 63.0 to day for date 2024-12-06.
Uploaded heart rate 120.0 to night for date 2024-12-06.
Uploaded heart rate 112.0 to night for date 2024-12-06.
Uploaded heart rate 124.0 to day for date 2024-12-06.
Uploaded heart rate 55.0 to day for date 2024-12-05.
Uploaded heart rate 80.0 to day for date 2024-12-05.
Uploaded heart rate 30.0 to night for date 2024-12-05.
Uploaded heart rate 140.0 to day for date 2024-12-05.
Uploaded heart rate 42.0 to night for date 2024-12-05.
Uploaded heart rate 66.0 to day for date 2024-12-04.
Uploaded heart rate 106.0 to day for date 2024-12-04.
Uploaded heart rate 80.0 to night for date 2024-12-04.
Uploaded heart rate 128.0 to night for date 2024-12-04.
Uploaded heart rate 79.0 to night for date 2024-12-04.
Uploaded heart rate 37.0 to day for date 2024-12-03.
Uploaded heart rate 116.0 to night for date 2024-12-03.
Uploaded heart rate 108.0 to night for date 2024-12-03.
Uploaded heart rate 93.0 to night for date 2024-12-03.
Uploaded heart rate 125.0 to night for date 2024-12-03.
Uploaded heart rate 109.0 to night for date 2024-12-02.
Uploaded heart rate 116.0 to day for date 2024-12-02.
Uploaded heart rate 112.0 to day for date 2024-12-02.
Uploaded heart rate 108.0 to night for date 2024-12-02.
Uploaded heart rate 49.0 to night for date 2024-12-02.
Uploaded heart rate 45.0 to day for date 2024-12-01.
Uploaded heart rate 42.0 to day for date 2024-12-01.
Uploaded heart rate 124.0 to night for date 2024-12-01.
Uploaded heart rate 73.0 to day for date 2024-12-01.
Uploaded heart rate 115.0 to night for date 2024-12-01.
Uploaded heart rate 55.0 to night for date 2024-11-30.
Uploaded heart rate 58.0 to night for date 2024-11-30.
Uploaded heart rate 98.0 to day for date 2024-11-30.
Uploaded heart rate 101.0 to day for date 2024-11-30.
Uploaded heart rate 126.0 to day for date 2024-11-30.
Uploaded heart rate 29.0 to night for date 2024-11-29.
Uploaded heart rate 114.0 to day for date 2024-11-29.
Uploaded heart rate 106.0 to night for date 2024-11-29.
Uploaded heart rate 76.0 to day for date 2024-11-29.
Uploaded heart rate 115.0 to day for date 2024-11-29.
Uploaded heart rate 32.0 to day for date 2024-11-28.
Uploaded heart rate 44.0 to night for date 2024-11-28.
Uploaded heart rate 55.0 to day for date 2024-11-28.
Uploaded heart rate 67.0 to night for date 2024-11-28.
Uploaded heart rate 129.0 to day for date 2024-11-28.
Uploaded heart rate 77.0 to night for date 2024-11-27.
Uploaded heart rate 90.0 to day for date 2024-11-27.
Uploaded heart rate 75.0 to night for date 2024-11-27.
Uploaded heart rate 86.0 to day for date 2024-11-27.
Uploaded heart rate 41.0 to night for date 2024-11-27.
Uploaded heart rate 58.0 to day for date 2024-11-26.
Uploaded heart rate 123.0 to night for date 2024-11-26.
Uploaded heart rate 43.0 to day for date 2024-11-26.
Uploaded heart rate 38.0 to night for date 2024-11-26.
Uploaded heart rate 87.0 to day for date 2024-11-26.
Uploaded heart rate 40.0 to night for date 2024-11-25.
Uploaded heart rate 139.0 to night for date 2024-11-25.
Uploaded heart rate 49.0 to night for date 2024-11-25.
Uploaded heart rate 120.0 to day for date 2024-11-25.
Uploaded heart rate 58.0 to night for date 2024-11-25.
Uploaded heart rate 65.0 to night for date 2024-11-24.
Uploaded heart rate 41.0 to night for date 2024-11-24.
Uploaded heart rate 44.0 to day for date 2024-11-24.
Uploaded heart rate 68.0 to day for date 2024-11-24.
Uploaded heart rate 111.0 to day for date 2024-11-24.
Uploaded heart rate 110.0 to day for date 2024-11-23.
Uploaded heart rate 126.0 to day for date 2024-11-23.
Uploaded heart rate 123.0 to day for date 2024-11-23.
Uploaded heart rate 103.0 to night for date 2024-11-23.
Uploaded heart rate 116.0 to day for date 2024-11-23.
Uploaded heart rate 99.0 to day for date 2024-11-22.
Uploaded heart rate 53.0 to day for date 2024-11-22.
Uploaded heart rate 95.0 to night for date 2024-11-22.
Uploaded heart rate 113.0 to night for date 2024-11-22.
Uploaded heart rate 103.0 to night for date 2024-11-22.
Uploaded heart rate 49.0 to night for date 2024-11-21.
Uploaded heart rate 92.0 to night for date 2024-11-21.
Uploaded heart rate 122.0 to day for date 2024-11-21.
Uploaded heart rate 103.0 to day for date 2024-11-21.
Uploaded heart rate 51.0 to day for date 2024-11-21.
Uploaded heart rate 129.0 to night for date 2024-11-20.
Uploaded heart rate 39.0 to night for date 2024-11-20.
Uploaded heart rate 69.0 to night for date 2024-11-20.
Uploaded heart rate 75.0 to day for date 2024-11-20.
Uploaded heart rate 81.0 to night for date 2024-11-20.
Uploaded heart rate 61.0 to night for date 2024-11-19.
Uploaded heart rate 63.0 to night for date 2024-11-19.
Uploaded heart rate 95.0 to night for date 2024-11-19.
Uploaded heart rate 111.0 to day for date 2024-11-19.
Uploaded heart rate 39.0 to night for date 2024-11-19.
Uploaded heart rate 86.0 to day for date 2024-11-18.
Uploaded heart rate 79.0 to night for date 2024-11-18.
Uploaded heart rate 98.0 to day for date 2024-11-18.
Uploaded heart rate 77.0 to night for date 2024-11-18.
Uploaded heart rate 43.0 to night for date 2024-11-18.
Uploaded heart rate 41.0 to day for date 2024-11-17.
Uploaded heart rate 124.0 to day for date 2024-11-17.
Uploaded heart rate 76.0 to night for date 2024-11-17.
Uploaded heart rate 121.0 to day for date 2024-11-17.
Uploaded heart rate 64.0 to day for date 2024-11-17.
Uploaded heart rate 114.0 to day for date 2024-11-16.
Uploaded heart rate 124.0 to day for date 2024-11-16.
Uploaded heart rate 135.0 to night for date 2024-11-16.
Uploaded heart rate 54.0 to day for date 2024-11-16.
Uploaded heart rate 30.0 to night for date 2024-11-16.
Uploaded heart rate 110.0 to day for date 2024-11-15.
Uploaded heart rate 103.0 to day for date 2024-11-15.
Uploaded heart rate 126.0 to night for date 2024-11-15.
Uploaded heart rate 43.0 to night for date 2024-11-15.
Uploaded heart rate 103.0 to night for date 2024-11-15.
Uploaded heart rate 107.0 to day for date 2024-11-14.
Uploaded heart rate 101.0 to day for date 2024-11-14.
Uploaded heart rate 81.0 to day for date 2024-11-14.
Uploaded heart rate 114.0 to day for date 2024-11-14.
Uploaded heart rate 68.0 to night for date 2024-11-14.
Uploaded heart rate 28.0 to night for date 2024-11-13.
Uploaded heart rate 104.0 to night for date 2024-11-13.
Uploaded heart rate 105.0 to night for date 2024-11-13.
Uploaded heart rate 26.0 to night for date 2024-11-13.
Uploaded heart rate 129.0 to day for date 2024-11-13.
Uploaded heart rate 93.0 to night for date 2024-11-12.
Uploaded heart rate 137.0 to day for date 2024-11-12.
Uploaded heart rate 84.0 to day for date 2024-11-12.
Uploaded heart rate 114.0 to day for date 2024-11-12.
Uploaded heart rate 77.0 to night for date 2024-11-12.
Uploaded heart rate 25.0 to night for date 2024-11-11.
Uploaded heart rate 100.0 to day for date 2024-11-11.
Uploaded heart rate 60.0 to night for date 2024-11-11.
Uploaded heart rate 99.0 to day for date 2024-11-11.
Uploaded heart rate 45.0 to day for date 2024-11-11.
Uploaded heart rate 79.0 to night for date 2024-11-10.
Uploaded heart rate 103.0 to day for date 2024-11-10.
Uploaded heart rate 117.0 to day for date 2024-11-10.
Uploaded heart rate 132.0 to night for date 2024-11-10.
Uploaded heart rate 109.0 to night for date 2024-11-10.
Uploaded heart rate 77.0 to day for date 2024-11-09.
Uploaded heart rate 89.0 to night for date 2024-11-09.
Uploaded heart rate 110.0 to night for date 2024-11-09.
Uploaded heart rate 128.0 to night for date 2024-11-09.
Uploaded heart rate 94.0 to day for date 2024-11-09.
Uploaded heart rate 130.0 to night for date 2024-11-08.
Uploaded heart rate 50.0 to night for date 2024-11-08.
Uploaded heart rate 105.0 to day for date 2024-11-08.
Uploaded heart rate 36.0 to night for date 2024-11-08.
Uploaded heart rate 125.0 to day for date 2024-11-08.
Uploaded heart rate 102.0 to night for date 2024-11-07.
Uploaded heart rate 106.0 to day for date 2024-11-07.
Uploaded heart rate 90.0 to day for date 2024-11-07.
Uploaded heart rate 119.0 to night for date 2024-11-07.
Uploaded heart rate 75.0 to day for date 2024-11-07.
Uploaded heart rate 28.0 to night for date 2024-11-06.
Uploaded heart rate 29.0 to night for date 2024-11-06.
Uploaded heart rate 140.0 to night for date 2024-11-06.
Uploaded heart rate 86.0 to night for date 2024-11-06.
Uploaded heart rate 88.0 to night for date 2024-11-06.
Uploaded heart rate 35.0 to day for date 2024-11-05.
Uploaded heart rate 44.0 to day for date 2024-11-05.
Uploaded heart rate 28.0 to night for date 2024-11-05.
Uploaded heart rate 65.0 to night for date 2024-11-05.
Uploaded heart rate 46.0 to night for date 2024-11-05.
Uploaded heart rate 52.0 to day for date 2024-11-04.
Uploaded heart rate 104.0 to day for date 2024-11-04.
Uploaded heart rate 79.0 to day for date 2024-11-04.
Uploaded heart rate 49.0 to night for date 2024-11-04.
Uploaded heart rate 78.0 to day for date 2024-11-04.
Uploaded heart rate 124.0 to night for date 2024-11-03.
Uploaded heart rate 101.0 to day for date 2024-11-03.
Uploaded heart rate 125.0 to day for date 2024-11-03.
Uploaded heart rate 64.0 to day for date 2024-11-03.
Uploaded heart rate 61.0 to day for date 2024-11-03.
Uploaded heart rate 127.0 to night for date 2024-11-02.
Uploaded heart rate 122.0 to day for date 2024-11-02.
Uploaded heart rate 136.0 to day for date 2024-11-02.
Uploaded heart rate 104.0 to night for date 2024-11-02.
Uploaded heart rate 112.0 to night for date 2024-11-02.
Uploaded heart rate 38.0 to day for date 2024-11-01.
Uploaded heart rate 107.0 to day for date 2024-11-01.
Uploaded heart rate 115.0 to day for date 2024-11-01.
Uploaded heart rate 125.0 to day for date 2024-11-01.
Uploaded heart rate 106.0 to day for date 2024-11-01.
Uploaded heart rate 105.0 to night for date 2024-10-31.
Uploaded heart rate 29.0 to night for date 2024-10-31.
Uploaded heart rate 87.0 to night for date 2024-10-31.
Uploaded heart rate 69.0 to night for date 2024-10-31.
Uploaded heart rate 38.0 to night for date 2024-10-31.
Uploaded heart rate 131.0 to night for date 2024-10-30.
Uploaded heart rate 110.0 to day for date 2024-10-30.
Uploaded heart rate 130.0 to day for date 2024-10-30.
Uploaded heart rate 28.0 to day for date 2024-10-30.
Uploaded heart rate 80.0 to day for date 2024-10-30.
Uploaded heart rate 37.0 to day for date 2024-10-29.
Uploaded heart rate 79.0 to night for date 2024-10-29.
Uploaded heart rate 79.0 to day for date 2024-10-29.
Uploaded heart rate 126.0 to day for date 2024-10-29.
Uploaded heart rate 90.0 to day for date 2024-10-29.
Uploaded heart rate 109.0 to night for date 2024-10-28.
Uploaded heart rate 104.0 to night for date 2024-10-28.
Uploaded heart rate 115.0 to night for date 2024-10-28.
Uploaded heart rate 75.0 to day for date 2024-10-28.
Uploaded heart rate 87.0 to night for date 2024-10-28.
Uploaded heart rate 88.0 to night for date 2024-10-27.
Uploaded heart rate 95.0 to day for date 2024-10-27.
Uploaded heart rate 61.0 to night for date 2024-10-27.
Uploaded heart rate 44.0 to day for date 2024-10-27.
Uploaded heart rate 90.0 to day for date 2024-10-27.
Uploaded heart rate 89.0 to night for date 2024-10-26.
Uploaded heart rate 54.0 to day for date 2024-10-26.
Uploaded heart rate 103.0 to night for date 2024-10-26.
Uploaded heart rate 55.0 to day for date 2024-10-26.
Uploaded heart rate 92.0 to day for date 2024-10-26.
Uploaded heart rate 73.0 to night for date 2024-10-25.
Uploaded heart rate 89.0 to night for date 2024-10-25.
Uploaded heart rate 84.0 to day for date 2024-10-25.
Uploaded heart rate 117.0 to day for date 2024-10-25.
Uploaded heart rate 64.0 to day for date 2024-10-25.
Uploaded heart rate 138.0 to night for date 2024-10-24.
Uploaded heart rate 37.0 to day for date 2024-10-24.
Uploaded heart rate 84.0 to day for date 2024-10-24.
Uploaded heart rate 74.0 to night for date 2024-10-24.
Uploaded heart rate 70.0 to day for date 2024-10-24.
Uploaded heart rate 131.0 to night for date 2024-10-23.
Uploaded heart rate 67.0 to night for date 2024-10-23.
Uploaded heart rate 33.0 to night for date 2024-10-23.
Uploaded heart rate 87.0 to day for date 2024-10-23.
Uploaded heart rate 29.0 to day for date 2024-10-23.
Uploaded heart rate 47.0 to day for date 2024-10-22.
Uploaded heart rate 28.0 to day for date 2024-10-22.
Uploaded heart rate 86.0 to day for date 2024-10-22.
Uploaded heart rate 116.0 to night for date 2024-10-22.
Uploaded heart rate 52.0 to night for date 2024-10-22.
Uploaded heart rate 30.0 to day for date 2024-10-21.
Uploaded heart rate 91.0 to night for date 2024-10-21.
Uploaded heart rate 91.0 to night for date 2024-10-21.
Uploaded heart rate 137.0 to day for date 2024-10-21.
Uploaded heart rate 86.0 to night for date 2024-10-21.
Uploaded heart rate 99.0 to day for date 2024-10-20.
Uploaded heart rate 120.0 to day for date 2024-10-20.
Uploaded heart rate 125.0 to day for date 2024-10-20.
Uploaded heart rate 104.0 to night for date 2024-10-20.
Uploaded heart rate 76.0 to day for date 2024-10-20.
Uploaded heart rate 78.0 to night for date 2024-10-19.
Uploaded heart rate 53.0 to night for date 2024-10-19.
Uploaded heart rate 64.0 to day for date 2024-10-19.
Uploaded heart rate 114.0 to night for date 2024-10-19.
Uploaded heart rate 83.0 to day for date 2024-10-19.
Uploaded heart rate 134.0 to night for date 2024-10-18.
Uploaded heart rate 91.0 to day for date 2024-10-18.
Uploaded heart rate 132.0 to day for date 2024-10-18.
Uploaded heart rate 124.0 to night for date 2024-10-18.
Uploaded heart rate 30.0 to day for date 2024-10-18.
Uploaded heart rate 130.0 to night for date 2024-10-17.
Uploaded heart rate 70.0 to day for date 2024-10-17.
Uploaded heart rate 119.0 to day for date 2024-10-17.
Uploaded heart rate 120.0 to night for date 2024-10-17.
Uploaded heart rate 116.0 to night for date 2024-10-17.
Uploaded heart rate 81.0 to night for date 2024-10-16.
Uploaded heart rate 86.0 to day for date 2024-10-16.
Uploaded heart rate 109.0 to day for date 2024-10-16.
Uploaded heart rate 25.0 to day for date 2024-10-16.
Uploaded heart rate 119.0 to day for date 2024-10-16.
Uploaded heart rate 62.0 to day for date 2024-10-15.
Uploaded heart rate 43.0 to night for date 2024-10-15.
Uploaded heart rate 116.0 to day for date 2024-10-15.
Uploaded heart rate 77.0 to night for date 2024-10-15.
Uploaded heart rate 139.0 to day for date 2024-10-15.
Uploaded heart rate 50.0 to day for date 2024-10-14.
Uploaded heart rate 42.0 to night for date 2024-10-14.
Uploaded heart rate 55.0 to day for date 2024-10-14.
Uploaded heart rate 51.0 to night for date 2024-10-14.
Uploaded heart rate 128.0 to night for date 2024-10-14.
Uploaded heart rate 138.0 to day for date 2024-10-13.
Uploaded heart rate 120.0 to night for date 2024-10-13.
Uploaded heart rate 107.0 to day for date 2024-10-13.
Uploaded heart rate 74.0 to night for date 2024-10-13.
Uploaded heart rate 48.0 to night for date 2024-10-13.
Uploaded heart rate 27.0 to night for date 2024-10-12.
Uploaded heart rate 68.0 to day for date 2024-10-12.
Uploaded heart rate 57.0 to night for date 2024-10-12.
Uploaded heart rate 27.0 to night for date 2024-10-12.
Uploaded heart rate 35.0 to day for date 2024-10-12.
Uploaded heart rate 127.0 to day for date 2024-10-11.
Uploaded heart rate 65.0 to night for date 2024-10-11.
Uploaded heart rate 129.0 to night for date 2024-10-11.
Uploaded heart rate 31.0 to day for date 2024-10-11.
Uploaded heart rate 74.0 to night for date 2024-10-11.
Uploaded heart rate 97.0 to day for date 2024-10-10.
Uploaded heart rate 103.0 to night for date 2024-10-10.
Uploaded heart rate 33.0 to night for date 2024-10-10.
Uploaded heart rate 83.0 to night for date 2024-10-10.
Uploaded heart rate 83.0 to day for date 2024-10-10.
Uploaded heart rate 28.0 to day for date 2024-10-09.
Uploaded heart rate 88.0 to day for date 2024-10-09.
Uploaded heart rate 53.0 to day for date 2024-10-09.
Uploaded heart rate 27.0 to night for date 2024-10-09.
Uploaded heart rate 61.0 to day for date 2024-10-09.
Uploaded heart rate 43.0 to night for date 2024-10-08.
Uploaded heart rate 90.0 to day for date 2024-10-08.
Uploaded heart rate 56.0 to day for date 2024-10-08.
Uploaded heart rate 104.0 to night for date 2024-10-08.
Uploaded heart rate 106.0 to day for date 2024-10-08.
Uploaded heart rate 86.0 to day for date 2024-10-07.
Uploaded heart rate 77.0 to day for date 2024-10-07.
Uploaded heart rate 103.0 to night for date 2024-10-07.
Uploaded heart rate 80.0 to day for date 2024-10-07.
Uploaded heart rate 124.0 to day for date 2024-10-07.
Uploaded heart rate 95.0 to day for date 2024-10-06.
Uploaded heart rate 63.0 to day for date 2024-10-06.
Uploaded heart rate 106.0 to night for date 2024-10-06.
Uploaded heart rate 70.0 to night for date 2024-10-06.
Uploaded heart rate 140.0 to night for date 2024-10-06.
Uploaded heart rate 34.0 to night for date 2024-10-05.
Uploaded heart rate 36.0 to night for date 2024-10-05.
Uploaded heart rate 102.0 to night for date 2024-10-05.
Uploaded heart rate 27.0 to day for date 2024-10-05.
Uploaded heart rate 33.0 to night for date 2024-10-05.
Uploaded heart rate 88.0 to night for date 2024-10-04.
Uploaded heart rate 86.0 to day for date 2024-10-04.
Uploaded heart rate 122.0 to day for date 2024-10-04.
Uploaded heart rate 102.0 to night for date 2024-10-04.
Uploaded heart rate 38.0 to day for date 2024-10-04.
Uploaded heart rate 104.0 to night for date 2024-10-03.
Uploaded heart rate 37.0 to day for date 2024-10-03.
Uploaded heart rate 80.0 to night for date 2024-10-03.
Uploaded heart rate 47.0 to night for date 2024-10-03.
Uploaded heart rate 91.0 to day for date 2024-10-03.
Uploaded heart rate 44.0 to day for date 2024-10-02.
Uploaded heart rate 84.0 to day for date 2024-10-02.
Uploaded heart rate 101.0 to night for date 2024-10-02.
Uploaded heart rate 106.0 to day for date 2024-10-02.
Uploaded heart rate 140.0 to day for date 2024-10-02.
Uploaded heart rate 111.0 to night for date 2024-10-01.
Uploaded heart rate 65.0 to day for date 2024-10-01.
Uploaded heart rate 91.0 to night for date 2024-10-01.
Uploaded heart rate 121.0 to day for date 2024-10-01.
Uploaded heart rate 88.0 to night for date 2024-10-01.
Uploaded heart rate 78.0 to day for date 2024-09-30.
Uploaded heart rate 129.0 to night for date 2024-09-30.
Uploaded heart rate 100.0 to night for date 2024-09-30.
Uploaded heart rate 25.0 to night for date 2024-09-30.
Uploaded heart rate 31.0 to night for date 2024-09-30.
Uploaded heart rate 120.0 to day for date 2024-09-29.
Uploaded heart rate 128.0 to day for date 2024-09-29.
Uploaded heart rate 33.0 to night for date 2024-09-29.
Uploaded heart rate 136.0 to night for date 2024-09-29.
Uploaded heart rate 77.0 to night for date 2024-09-29.
Uploaded heart rate 135.0 to night for date 2024-09-28.
Uploaded heart rate 29.0 to day for date 2024-09-28.
Uploaded heart rate 100.0 to night for date 2024-09-28.
Uploaded heart rate 28.0 to day for date 2024-09-28.
Uploaded heart rate 89.0 to day for date 2024-09-28.
Uploaded heart rate 102.0 to night for date 2024-09-27.
Uploaded heart rate 103.0 to day for date 2024-09-27.
Uploaded heart rate 39.0 to night for date 2024-09-27.
Uploaded heart rate 25.0 to night for date 2024-09-27.
Uploaded heart rate 51.0 to day for date 2024-09-27.
Uploaded heart rate 122.0 to night for date 2024-09-26.
Uploaded heart rate 104.0 to night for date 2024-09-26.
Uploaded heart rate 41.0 to day for date 2024-09-26.
Uploaded heart rate 79.0 to day for date 2024-09-26.
Uploaded heart rate 62.0 to day for date 2024-09-26.
Uploaded heart rate 84.0 to day for date 2024-09-25.
Uploaded heart rate 123.0 to day for date 2024-09-25.
Uploaded heart rate 69.0 to day for date 2024-09-25.
Uploaded heart rate 103.0 to night for date 2024-09-25.
Uploaded heart rate 57.0 to day for date 2024-09-25.
Uploaded heart rate 63.0 to night for date 2024-09-24.
Uploaded heart rate 27.0 to day for date 2024-09-24.
Uploaded heart rate 134.0 to night for date 2024-09-24.
Uploaded heart rate 41.0 to day for date 2024-09-24.
Uploaded heart rate 120.0 to night for date 2024-09-24.
Data successfully uploaded to Firebase.

